<?xml version="1.0" encoding="utf-8"?><testsuites name="pytest tests"><testsuite name="pytest" errors="0" failures="10" skipped="0" tests="96" time="0.492" timestamp="2025-12-01T03:05:31.558642+01:00" hostname="tobi"><testcase classname="tests.test_basic_functionality" name="test_imports" time="0.006" /><testcase classname="tests.test_basic_functionality" name="test_health_monitor" time="0.021" /><testcase classname="tests.test_basic_functionality" name="test_rag_system" time="0.001" /><testcase classname="tests.test_basic_functionality" name="test_meta_learner" time="0.010" /><testcase classname="tests.test_basic_functionality" name="test_metrics" time="0.010" /><testcase classname="tests.test_basic_functionality" name="test_cleanup" time="0.001" /><testcase classname="tests.test_imports" name="test_imports" time="0.068" /><testcase classname="tests.test_intent_parser_comprehensive.TestModelSwitchDetection" name="test_false_positive_use_editor" time="0.000" /><testcase classname="tests.test_intent_parser_comprehensive.TestModelSwitchDetection" name="test_false_positive_use_terminal" time="0.000" /><testcase classname="tests.test_intent_parser_comprehensive.TestModelSwitchDetection" name="test_legitimate_switch_to_deepseek" time="0.001" /><testcase classname="tests.test_intent_parser_comprehensive.TestModelSwitchDetection" name="test_legitimate_use_fast_model" time="0.000" /><testcase classname="tests.test_intent_parser_comprehensive.TestImplicitLocate" name="test_false_positive_conversational" time="0.000" /><testcase classname="tests.test_intent_parser_comprehensive.TestImplicitLocate" name="test_false_positive_how_to" time="0.000" /><testcase classname="tests.test_intent_parser_comprehensive.TestImplicitLocate" name="test_legitimate_implicit_locate" time="0.000" /><testcase classname="tests.test_intent_parser_comprehensive.TestImplicitLocate" name="test_legitimate_short_config" time="0.000" /><testcase classname="tests.test_intent_parser_comprehensive.TestConflictingKeywords" name="test_open_and_lookup" time="0.000" /><testcase classname="tests.test_intent_parser_comprehensive.TestConflictingKeywords" name="test_find_and_open" time="0.000" /><testcase classname="tests.test_intent_parser_comprehensive.TestConflictingKeywords" name="test_search_and_edit" time="0.000" /><testcase classname="tests.test_intent_parser_comprehensive.TestTargetExtraction" name="test_multiword_filename" time="0.000" /><testcase classname="tests.test_intent_parser_comprehensive.TestTargetExtraction" name="test_path_with_spaces" time="0.000" /><testcase classname="tests.test_intent_parser_comprehensive.TestTargetExtraction" name="test_target_with_quotes" time="0.000" /><testcase classname="tests.test_intent_parser_comprehensive.TestVeryShortPrompts" name="test_single_word_greeting" time="0.000" /><testcase classname="tests.test_intent_parser_comprehensive.TestVeryShortPrompts" name="test_single_word_config" time="0.000" /><testcase classname="tests.test_intent_parser_comprehensive.TestVeryShortPrompts" name="test_two_word_file" time="0.000" /><testcase classname="tests.test_intent_parser_comprehensive.TestLongConversationalPrompts" name="test_embedded_open_keyword" time="0.000" /><testcase classname="tests.test_intent_parser_comprehensive.TestLongConversationalPrompts" name="test_embedded_find_keyword" time="0.000" /><testcase classname="tests.test_intent_parser_comprehensive.TestLongConversationalPrompts" name="test_long_prompt_with_actual_intent" time="0.000" /><testcase classname="tests.test_intent_parser_comprehensive.TestTypos" name="test_typo_opne" time="0.000" /><testcase classname="tests.test_intent_parser_comprehensive.TestTypos" name="test_typo_edti" time="0.000" /><testcase classname="tests.test_intent_parser_comprehensive.TestTypos" name="test_typo_finde" time="0.000" /><testcase classname="tests.test_intent_parser_comprehensive.TestModifiers" name="test_new_terminal_modifier" time="0.000" /><testcase classname="tests.test_intent_parser_comprehensive.TestModifiers" name="test_separate_window_modifier" time="0.000" /><testcase classname="tests.test_intent_parser_comprehensive.TestModifiers" name="test_no_modifier" time="0.000" /><testcase classname="tests.test_intent_parser_comprehensive.TestEdgeCaseScenarios" name="test_empty_prompt" time="0.000" /><testcase classname="tests.test_intent_parser_comprehensive.TestEdgeCaseScenarios" name="test_only_whitespace" time="0.000" /><testcase classname="tests.test_intent_parser_comprehensive.TestEdgeCaseScenarios" name="test_special_characters" time="0.000" /><testcase classname="tests.test_intent_parser_comprehensive.TestEdgeCaseScenarios" name="test_numbers_in_prompt" time="0.000" /><testcase classname="tests.test_intent_parser_comprehensive.TestComplexScenarios" name="test_multiple_commands_in_prompt" time="0.000" /><testcase classname="tests.test_intent_parser_comprehensive.TestComplexScenarios" name="test_question_with_action_keyword" time="0.000" /><testcase classname="tests.test_intent_parser_comprehensive.TestComplexScenarios" name="test_negation" time="0.000" /><testcase classname="tests.test_intent_parser_fix.TestInformationalFindQueries" name="test_open_source_license_question" time="0.000" /><testcase classname="tests.test_intent_parser_fix.TestInformationalFindQueries" name="test_find_with_question_mark" time="0.000" /><testcase classname="tests.test_intent_parser_fix.TestInformationalFindQueries" name="test_find_with_question_word" time="0.000" /><testcase classname="tests.test_intent_parser_fix.TestInformationalFindQueries" name="test_where_with_question_mark" time="0.000" /><testcase classname="tests.test_intent_parser_fix.TestInformationalFindQueries" name="test_find_with_explicit_edit_verb" time="0.000" /><testcase classname="tests.test_intent_parser_fix.TestInformationalFindQueries" name="test_find_with_explicit_run_verb" time="0.000" /><testcase classname="tests.test_intent_parser_fix.TestInformationalFindQueries" name="test_simple_find_without_question" time="0.000" /><testcase classname="tests.test_intent_parser_fix.TestInformationalFindQueries" name="test_non_question_with_open_keyword" time="0.000" /><testcase classname="tests.test_intent_parser_fix.TestInformationalFindQueries" name="test_word_boundary_startup_not_start" time="0.000" /><testcase classname="tests.test_intent_parser_fix.TestInformationalFindQueries" name="test_word_boundary_runtime_not_run" time="0.000" /><testcase classname="tests.test_llm_router.TestIntentDetection" name="test_detect_search_intent" time="0.000" /><testcase classname="tests.test_llm_router.TestIntentDetection" name="test_detect_code_intent" time="0.000" /><testcase classname="tests.test_llm_router.TestIntentDetection" name="test_detect_chat_intent" time="0.000" /><testcase classname="tests.test_llm_router.TestIntentDetection" name="test_detect_shell_intent" time="0.000" /><testcase classname="tests.test_llm_router.TestIntentDetection" name="test_unknown_intent" time="0.000" /><testcase classname="tests.test_llm_router.TestIntentDetection" name="test_confidence_score" time="0.000" /><testcase classname="tests.test_llm_router.TestRouting" name="test_route_to_search_model" time="0.000"><failure message="Failed: async def functions are not natively supported.&#10;You need to install a suitable plugin for your async framework, for example:&#10;  - anyio&#10;  - pytest-asyncio&#10;  - pytest-tornasync&#10;  - pytest-trio&#10;  - pytest-twisted">async def functions are not natively supported.
You need to install a suitable plugin for your async framework, for example:
  - anyio
  - pytest-asyncio
  - pytest-tornasync
  - pytest-trio
  - pytest-twisted</failure></testcase><testcase classname="tests.test_llm_router.TestRouting" name="test_fallback_when_unavailable" time="0.000"><failure message="Failed: async def functions are not natively supported.&#10;You need to install a suitable plugin for your async framework, for example:&#10;  - anyio&#10;  - pytest-asyncio&#10;  - pytest-tornasync&#10;  - pytest-trio&#10;  - pytest-twisted">async def functions are not natively supported.
You need to install a suitable plugin for your async framework, for example:
  - anyio
  - pytest-asyncio
  - pytest-tornasync
  - pytest-trio
  - pytest-twisted</failure></testcase><testcase classname="tests.test_llm_router.TestRouting" name="test_routing_result_structure" time="0.000"><failure message="Failed: async def functions are not natively supported.&#10;You need to install a suitable plugin for your async framework, for example:&#10;  - anyio&#10;  - pytest-asyncio&#10;  - pytest-tornasync&#10;  - pytest-trio&#10;  - pytest-twisted">async def functions are not natively supported.
You need to install a suitable plugin for your async framework, for example:
  - anyio
  - pytest-asyncio
  - pytest-tornasync
  - pytest-trio
  - pytest-twisted</failure></testcase><testcase classname="tests.test_llm_router.TestAvailability" name="test_cache_hit" time="0.000"><failure message="Failed: async def functions are not natively supported.&#10;You need to install a suitable plugin for your async framework, for example:&#10;  - anyio&#10;  - pytest-asyncio&#10;  - pytest-tornasync&#10;  - pytest-trio&#10;  - pytest-twisted">async def functions are not natively supported.
You need to install a suitable plugin for your async framework, for example:
  - anyio
  - pytest-asyncio
  - pytest-tornasync
  - pytest-trio
  - pytest-twisted</failure></testcase><testcase classname="tests.test_llm_router.TestAvailability" name="test_clear_cache" time="0.000" /><testcase classname="tests.test_llm_router.TestIntentModels" name="test_all_intents_have_models" time="0.000" /><testcase classname="tests.test_llm_router.TestIntentModels" name="test_fallback_chain_not_empty" time="0.000" /><testcase classname="tests.test_new_components.TestIntentClassifier" name="test_import" time="0.000" /><testcase classname="tests.test_new_components.TestIntentClassifier" name="test_classify_file_ops" time="0.003" /><testcase classname="tests.test_new_components.TestIntentClassifier" name="test_classify_chat" time="0.000" /><testcase classname="tests.test_new_components.TestIntentClassifier" name="test_classify_code_edit" time="0.001" /><testcase classname="tests.test_new_components.TestIntentClassifier" name="test_classify_web_research" time="0.001" /><testcase classname="tests.test_new_components.TestIntentClassifier" name="test_slash_commands" time="0.000" /><testcase classname="tests.test_new_components.TestIntentClassifier" name="test_tier_override" time="0.001" /><testcase classname="tests.test_new_components.TestModelRouter" name="test_import" time="0.000" /><testcase classname="tests.test_new_components.TestModelRouter" name="test_get_model" time="0.000" /><testcase classname="tests.test_new_components.TestModelRouter" name="test_tier_by_name" time="0.000" /><testcase classname="tests.test_new_components.TestModelRouter" name="test_list_models" time="0.002" /><testcase classname="tests.test_new_components.TestOllamaClient" name="test_import" time="0.003" /><testcase classname="tests.test_new_components.TestOllamaClient" name="test_initialization" time="0.000" /><testcase classname="tests.test_new_components.TestOllamaClient" name="test_health_check_structure" time="0.002" /><testcase classname="tests.test_new_components.TestToolRegistry" name="test_import" time="0.000" /><testcase classname="tests.test_new_components.TestToolRegistry" name="test_builtin_tools" time="0.000" /><testcase classname="tests.test_new_components.TestToolRegistry" name="test_execute_read_file" time="0.000" /><testcase classname="tests.test_new_components.TestToolRegistry" name="test_save_note_path_traversal" time="0.001" /><testcase classname="tests.test_new_components.TestToolRegistry" name="test_dangerous_command_blocking" time="0.001" /><testcase classname="tests.test_new_components.TestToolRegistry" name="test_execute_nonexistent_tool" time="0.000" /><testcase classname="tests.test_new_components.TestToolRegistry" name="test_tool_descriptions" time="0.000" /><testcase classname="tests.test_new_components.TestUI" name="test_import" time="0.003" /><testcase classname="tests.test_new_components.TestUI" name="test_ui_initialization" time="0.000" /><testcase classname="tests.test_new_components.TestSessionLoop" name="test_import" time="0.004" /><testcase classname="tests.test_permission_manager.TestPermissionLevels" name="test_read_auto_approved" time="0.000"><failure message="Failed: async def functions are not natively supported.&#10;You need to install a suitable plugin for your async framework, for example:&#10;  - anyio&#10;  - pytest-asyncio&#10;  - pytest-tornasync&#10;  - pytest-trio&#10;  - pytest-twisted">async def functions are not natively supported.
You need to install a suitable plugin for your async framework, for example:
  - anyio
  - pytest-asyncio
  - pytest-tornasync
  - pytest-trio
  - pytest-twisted</failure></testcase><testcase classname="tests.test_permission_manager.TestPermissionLevels" name="test_modify_denied_non_interactive" time="0.000"><failure message="Failed: async def functions are not natively supported.&#10;You need to install a suitable plugin for your async framework, for example:&#10;  - anyio&#10;  - pytest-asyncio&#10;  - pytest-tornasync&#10;  - pytest-trio&#10;  - pytest-twisted">async def functions are not natively supported.
You need to install a suitable plugin for your async framework, for example:
  - anyio
  - pytest-asyncio
  - pytest-tornasync
  - pytest-trio
  - pytest-twisted</failure></testcase><testcase classname="tests.test_permission_manager.TestPermissionLevels" name="test_dangerous_denied_non_interactive" time="0.000"><failure message="Failed: async def functions are not natively supported.&#10;You need to install a suitable plugin for your async framework, for example:&#10;  - anyio&#10;  - pytest-asyncio&#10;  - pytest-tornasync&#10;  - pytest-trio&#10;  - pytest-twisted">async def functions are not natively supported.
You need to install a suitable plugin for your async framework, for example:
  - anyio
  - pytest-asyncio
  - pytest-tornasync
  - pytest-trio
  - pytest-twisted</failure></testcase><testcase classname="tests.test_permission_manager.TestPermissionLevels" name="test_permission_level_ordering" time="0.000" /><testcase classname="tests.test_permission_manager.TestCaching" name="test_permission_cached" time="0.000"><failure message="Failed: async def functions are not natively supported.&#10;You need to install a suitable plugin for your async framework, for example:&#10;  - anyio&#10;  - pytest-asyncio&#10;  - pytest-tornasync&#10;  - pytest-trio&#10;  - pytest-twisted">async def functions are not natively supported.
You need to install a suitable plugin for your async framework, for example:
  - anyio
  - pytest-asyncio
  - pytest-tornasync
  - pytest-trio
  - pytest-twisted</failure></testcase><testcase classname="tests.test_permission_manager.TestCaching" name="test_clear_cache" time="0.000" /><testcase classname="tests.test_permission_manager.TestCaching" name="test_cache_stats" time="0.000" /><testcase classname="tests.test_permission_manager.TestAuditLogging" name="test_audit_log_created" time="0.001"><failure message="Failed: async def functions are not natively supported.&#10;You need to install a suitable plugin for your async framework, for example:&#10;  - anyio&#10;  - pytest-asyncio&#10;  - pytest-tornasync&#10;  - pytest-trio&#10;  - pytest-twisted">async def functions are not natively supported.
You need to install a suitable plugin for your async framework, for example:
  - anyio
  - pytest-asyncio
  - pytest-tornasync
  - pytest-trio
  - pytest-twisted</failure></testcase><testcase classname="tests.test_permission_manager.TestAuditLogging" name="test_audit_log_format" time="0.000"><failure message="Failed: async def functions are not natively supported.&#10;You need to install a suitable plugin for your async framework, for example:&#10;  - anyio&#10;  - pytest-asyncio&#10;  - pytest-tornasync&#10;  - pytest-trio&#10;  - pytest-twisted">async def functions are not natively supported.
You need to install a suitable plugin for your async framework, for example:
  - anyio
  - pytest-asyncio
  - pytest-tornasync
  - pytest-trio
  - pytest-twisted</failure></testcase></testsuite></testsuites>